0 info it worked if it ends with ok
1 verbose cli [ 'C:\\Program Files\\nodejs\\\\node.exe',
1 verbose cli   'C:\\Program Files\\nodejs\\node_modules\\npm\\bin\\npm-cli.js',
1 verbose cli   'install',
1 verbose cli   'socketio' ]
2 info using npm@1.4.28
3 info using node@v0.10.33
4 verbose node symlink C:\Program Files\nodejs\\node.exe
5 verbose cache add [ 'socketio', null ]
6 verbose cache add name=undefined spec="socketio" args=["socketio",null]
7 verbose parsed url { protocol: null,
7 verbose parsed url   slashes: null,
7 verbose parsed url   auth: null,
7 verbose parsed url   host: null,
7 verbose parsed url   port: null,
7 verbose parsed url   hostname: null,
7 verbose parsed url   hash: null,
7 verbose parsed url   search: null,
7 verbose parsed url   query: null,
7 verbose parsed url   pathname: 'socketio',
7 verbose parsed url   path: 'socketio',
7 verbose parsed url   href: 'socketio' }
8 silly lockFile be461470-socketio socketio
9 verbose lock socketio C:\Users\MhelDC\AppData\Roaming\npm-cache\be461470-socketio.lock
10 silly lockFile be461470-socketio socketio
11 silly lockFile be461470-socketio socketio
12 verbose addNamed [ 'socketio', '' ]
13 verbose addNamed [ null, '*' ]
14 silly lockFile fa004f70-socketio socketio@
15 verbose lock socketio@ C:\Users\MhelDC\AppData\Roaming\npm-cache\fa004f70-socketio.lock
16 silly addNameRange { name: 'socketio', range: '*', hasData: false }
17 verbose request where is /socketio
18 verbose request registry https://registry.npmjs.org/
19 verbose request id fadca641c8a1f798
20 verbose url raw /socketio
21 verbose url resolving [ 'https://registry.npmjs.org/', './socketio' ]
22 verbose url resolved https://registry.npmjs.org/socketio
23 verbose request where is https://registry.npmjs.org/socketio
24 info trying registry request attempt 1 at 17:00:12
25 http GET https://registry.npmjs.org/socketio
26 http 404 https://registry.npmjs.org/socketio
27 verbose headers { date: 'Tue, 11 Nov 2014 09:00:27 GMT',
27 verbose headers   server: 'CouchDB/1.5.0 (Erlang OTP/R16B03)',
27 verbose headers   'content-type': 'application/json',
27 verbose headers   'cache-control': 'max-age=0',
27 verbose headers   'content-length': '52',
27 verbose headers   'accept-ranges': 'bytes',
27 verbose headers   via: '1.1 varnish',
27 verbose headers   age: '0',
27 verbose headers   'x-served-by': 'cache-hk91-HKG',
27 verbose headers   'x-cache': 'MISS',
27 verbose headers   'x-cache-hits': '0',
27 verbose headers   'x-timer': 'S1415696426.712905,VS0,VE932',
27 verbose headers   'keep-alive': 'timeout=10, max=50',
27 verbose headers   connection: 'Keep-Alive' }
28 silly registry.get cb [ 404,
28 silly registry.get   { date: 'Tue, 11 Nov 2014 09:00:27 GMT',
28 silly registry.get     server: 'CouchDB/1.5.0 (Erlang OTP/R16B03)',
28 silly registry.get     'content-type': 'application/json',
28 silly registry.get     'cache-control': 'max-age=0',
28 silly registry.get     'content-length': '52',
28 silly registry.get     'accept-ranges': 'bytes',
28 silly registry.get     via: '1.1 varnish',
28 silly registry.get     age: '0',
28 silly registry.get     'x-served-by': 'cache-hk91-HKG',
28 silly registry.get     'x-cache': 'MISS',
28 silly registry.get     'x-cache-hits': '0',
28 silly registry.get     'x-timer': 'S1415696426.712905,VS0,VE932',
28 silly registry.get     'keep-alive': 'timeout=10, max=50',
28 silly registry.get     connection: 'Keep-Alive' } ]
29 silly lockFile fa004f70-socketio socketio@
30 silly lockFile fa004f70-socketio socketio@
31 error 404 404 Not Found: socketio
31 error 404
31 error 404 'socketio' is not in the npm registry.
31 error 404 You should bug the author to publish it
31 error 404
31 error 404 Note that you can also install from a
31 error 404 tarball, folder, or http url, or git url.
32 error System Windows_NT 6.1.7600
33 error command "C:\\Program Files\\nodejs\\\\node.exe" "C:\\Program Files\\nodejs\\node_modules\\npm\\bin\\npm-cli.js" "install" "socketio"
34 error cwd D:\JsProjects\Projects\anyTVProjects\gchat-mysql
35 error node -v v0.10.33
36 error npm -v 1.4.28
37 error code E404
38 verbose exit [ 1, true ]
