0 info it worked if it ends with ok
1 verbose cli [ 'C:\\Program Files\\nodejs\\\\node.exe',
1 verbose cli   'C:\\Program Files\\nodejs\\node_modules\\npm\\bin\\npm-cli.js',
1 verbose cli   'install',
1 verbose cli   'reack' ]
2 info using npm@1.4.28
3 info using node@v0.10.33
4 verbose node symlink C:\Program Files\nodejs\\node.exe
5 verbose readDependencies using package.json deps
6 verbose cache add [ 'reack', null ]
7 verbose cache add name=undefined spec="reack" args=["reack",null]
8 verbose parsed url { protocol: null,
8 verbose parsed url   slashes: null,
8 verbose parsed url   auth: null,
8 verbose parsed url   host: null,
8 verbose parsed url   port: null,
8 verbose parsed url   hostname: null,
8 verbose parsed url   hash: null,
8 verbose parsed url   search: null,
8 verbose parsed url   query: null,
8 verbose parsed url   pathname: 'reack',
8 verbose parsed url   path: 'reack',
8 verbose parsed url   href: 'reack' }
9 silly lockFile 9232c7ab-reack reack
10 verbose lock reack C:\Users\MhelDC\AppData\Roaming\npm-cache\9232c7ab-reack.lock
11 silly lockFile 9232c7ab-reack reack
12 silly lockFile 9232c7ab-reack reack
13 verbose addNamed [ 'reack', '' ]
14 verbose addNamed [ null, '*' ]
15 silly lockFile 1f09a6eb-reack reack@
16 verbose lock reack@ C:\Users\MhelDC\AppData\Roaming\npm-cache\1f09a6eb-reack.lock
17 silly addNameRange { name: 'reack', range: '*', hasData: false }
18 verbose request where is /reack
19 verbose request registry https://registry.npmjs.org/
20 verbose request id b41720dee539b75a
21 verbose url raw /reack
22 verbose url resolving [ 'https://registry.npmjs.org/', './reack' ]
23 verbose url resolved https://registry.npmjs.org/reack
24 verbose request where is https://registry.npmjs.org/reack
25 info trying registry request attempt 1 at 20:49:05
26 http GET https://registry.npmjs.org/reack
27 http 404 https://registry.npmjs.org/reack
28 verbose headers { date: 'Wed, 10 Dec 2014 12:49:16 GMT',
28 verbose headers   server: 'CouchDB/1.5.0 (Erlang OTP/R16B03)',
28 verbose headers   'content-type': 'application/json',
28 verbose headers   'cache-control': 'max-age=0',
28 verbose headers   'content-length': '52',
28 verbose headers   'accept-ranges': 'bytes',
28 verbose headers   via: '1.1 varnish',
28 verbose headers   age: '0',
28 verbose headers   'x-served-by': 'cache-hk92-HKG',
28 verbose headers   'x-cache': 'MISS',
28 verbose headers   'x-cache-hits': '0',
28 verbose headers   'x-timer': 'S1418215755.548823,VS0,VE689',
28 verbose headers   'keep-alive': 'timeout=10, max=50',
28 verbose headers   connection: 'Keep-Alive' }
29 silly registry.get cb [ 404,
29 silly registry.get   { date: 'Wed, 10 Dec 2014 12:49:16 GMT',
29 silly registry.get     server: 'CouchDB/1.5.0 (Erlang OTP/R16B03)',
29 silly registry.get     'content-type': 'application/json',
29 silly registry.get     'cache-control': 'max-age=0',
29 silly registry.get     'content-length': '52',
29 silly registry.get     'accept-ranges': 'bytes',
29 silly registry.get     via: '1.1 varnish',
29 silly registry.get     age: '0',
29 silly registry.get     'x-served-by': 'cache-hk92-HKG',
29 silly registry.get     'x-cache': 'MISS',
29 silly registry.get     'x-cache-hits': '0',
29 silly registry.get     'x-timer': 'S1418215755.548823,VS0,VE689',
29 silly registry.get     'keep-alive': 'timeout=10, max=50',
29 silly registry.get     connection: 'Keep-Alive' } ]
30 silly lockFile 1f09a6eb-reack reack@
31 silly lockFile 1f09a6eb-reack reack@
32 error 404 404 Not Found: reack
32 error 404
32 error 404 'reack' is not in the npm registry.
32 error 404 You should bug the author to publish it
32 error 404 It was specified as a dependency of 'application-name'
32 error 404
32 error 404 Note that you can also install from a
32 error 404 tarball, folder, or http url, or git url.
33 error System Windows_NT 6.1.7600
34 error command "C:\\Program Files\\nodejs\\\\node.exe" "C:\\Program Files\\nodejs\\node_modules\\npm\\bin\\npm-cli.js" "install" "reack"
35 error cwd D:\JsProjects\Projects\anyTVProjects\gchatreact
36 error node -v v0.10.33
37 error npm -v 1.4.28
38 error code E404
39 verbose exit [ 1, true ]
